--------------- Build Started: 04/08/2026 11:26:23 Project: Design01, Configuration: ARM GCC 5.4-2016-q2-update Debug ---------------
cydsfit.exe -.appdatapath "C:\Users\Laptop\AppData\Local\Cypress Semiconductor\PSoC Creator\4.4" -.fdsnotice -.fdswarpdepfile=warp_dependencies.txt -.fdselabdepfile=elab_dependencies.txt -.fdsbldfile=generated_files.txt -.fdsreffile=referenced_files.txt -p C:\Users\Laptop\PSoC_Labs\Lab4-SavkaR\Design01.cydsn\Design01.cyprj -d CY8C4245AXI-483 -s C:\Users\Laptop\PSoC_Labs\Lab4-SavkaR\Design01.cydsn\Generated_Source\PSoC4 -- -yv2 -q10 -ygs -o2 -v3 -.fftcfgtype=LE
Elaborating Design...
HDL Generation...
Synthesis...
Tech Mapping...
Analog Placement...
Analog Routing...
Analog Code Generation...
Digital Placement...
Digital Routing...
Bitstream Generation...
Bitstream Verification...
Static timing analysis...
API Generation...
Dependency Generation...
Cleanup...
The compile step is up to date, no work needs to be done.
arm-none-eabi-ar.exe -rs .\CortexM0\ARM_GCC_541\Debug\Design01.a .\CortexM0\ARM_GCC_541\Debug\Button.o .\CortexM0\ARM_GCC_541\Debug\Button_PM.o .\CortexM0\ARM_GCC_541\Debug\LED_R.o .\CortexM0\ARM_GCC_541\Debug\LED_R_PM.o .\CortexM0\ARM_GCC_541\Debug\LED_G.o .\CortexM0\ARM_GCC_541\Debug\LED_G_PM.o .\CortexM0\ARM_GCC_541\Debug\LED_B.o .\CortexM0\ARM_GCC_541\Debug\LED_B_PM.o .\CortexM0\ARM_GCC_541\Debug\SW_Tx_UART.o .\CortexM0\ARM_GCC_541\Debug\C_1.o .\CortexM0\ARM_GCC_541\Debug\C_1_PM.o .\CortexM0\ARM_GCC_541\Debug\C_2.o .\CortexM0\ARM_GCC_541\Debug\C_2_PM.o .\CortexM0\ARM_GCC_541\Debug\C_3.o .\CortexM0\ARM_GCC_541\Debug\C_3_PM.o .\CortexM0\ARM_GCC_541\Debug\R_1.o .\CortexM0\ARM_GCC_541\Debug\R_1_PM.o .\CortexM0\ARM_GCC_541\Debug\R_2.o .\CortexM0\ARM_GCC_541\Debug\R_2_PM.o .\CortexM0\ARM_GCC_541\Debug\R_3.o .\CortexM0\ARM_GCC_541\Debug\R_3_PM.o .\CortexM0\ARM_GCC_541\Debug\R_4.o .\CortexM0\ARM_GCC_541\Debug\R_4_PM.o .\CortexM0\ARM_GCC_541\Debug\Pin_Latch.o .\CortexM0\ARM_GCC_541\Debug\Pin_Latch_PM.o .\CortexM0\ARM_GCC_541\Debug\Pin_CLK.o .\CortexM0\ARM_GCC_541\Debug\Pin_CLK_PM.o .\CortexM0\ARM_GCC_541\Debug\Pin_DO.o .\CortexM0\ARM_GCC_541\Debug\Pin_DO_PM.o .\CortexM0\ARM_GCC_541\Debug\CyFlash.o .\CortexM0\ARM_GCC_541\Debug\CyLib.o .\CortexM0\ARM_GCC_541\Debug\cyPm.o .\CortexM0\ARM_GCC_541\Debug\cyutils.o .\CortexM0\ARM_GCC_541\Debug\CyLFClk.o .\CortexM0\ARM_GCC_541\Debug\cy_em_eeprom.o .\CortexM0\ARM_GCC_541\Debug\SW_Tx_UART_AsmGnu.o .\CortexM0\ARM_GCC_541\Debug\CyBootAsmGnu.o
arm-none-eabi-ar.exe: creating .\CortexM0\ARM_GCC_541\Debug\Design01.a
arm-none-eabi-gcc.exe -Wl,--start-group -o C:\Users\Laptop\PSoC_Labs\Lab4-SavkaR\Design01.cydsn\CortexM0\ARM_GCC_541\Debug\Design01.elf .\CortexM0\ARM_GCC_541\Debug\main.o .\CortexM0\ARM_GCC_541\Debug\cyfitter_cfg.o .\CortexM0\ARM_GCC_541\Debug\cymetadata.o .\CortexM0\ARM_GCC_541\Debug\Cm0Start.o .\CortexM0\ARM_GCC_541\Debug\Design01.a -mcpu=cortex-m0 -mthumb -L Generated_Source\PSoC4 -Wl,-Map,.\CortexM0\ARM_GCC_541\Debug/Design01.map -T Generated_Source\PSoC4\cm0gcc.ld -specs=nano.specs -Wl,--gc-sections -g -ffunction-sections -Og -ffat-lto-objects -Wl,--end-group
cyelftool.exe -C C:\Users\Laptop\PSoC_Labs\Lab4-SavkaR\Design01.cydsn\CortexM0\ARM_GCC_541\Debug\Design01.elf --flash_row_size 128 --flash_size 32768 --flash_offset 0x00000000
No ELF section .cychecksum found, creating one
Application checksum calculated and stored in ELF section .cychecksum
Checksum calculated and stored in ELF section .cymeta
cyelftool.exe -S C:\Users\Laptop\PSoC_Labs\Lab4-SavkaR\Design01.cydsn\CortexM0\ARM_GCC_541\Debug\Design01.elf
Flash used: 3496 of 32768 bytes (10,7%).
SRAM used: 1560 of 4096 bytes (38,1%). Stack: 1024 bytes. Heap: 128 bytes.
--------------- Build Succeeded: 04/08/2026 11:26:28 ---------------
